<?xml version="1.0" encoding="UTF-8"?>
<!-- Generated by org.testng.reporters.JUnitReportReporter -->
<testsuite hostname="Admin-PC" name="com.crm.testcases.ContactsPageTest" tests="5" failures="0" timestamp="25 Mar 2018 09:31:26 GMT" time="239.012" errors="0">
  <testcase name="validateCreatenewContact" time="47.073" classname="com.crm.testcases.ContactsPageTest"/>
  <testcase name="validateCreatenewContact" time="58.300" classname="com.crm.testcases.ContactsPageTest"/>
  <testcase name="selectMultipleContactTest" time="39.684" classname="com.crm.testcases.ContactsPageTest"/>
  <testcase name="selectSingleContactTest" time="46.872" classname="com.crm.testcases.ContactsPageTest"/>
  <testcase name="validateCreatenewContact" time="47.083" classname="com.crm.testcases.ContactsPageTest"/>
</testsuite> <!-- com.crm.testcases.ContactsPageTest -->
