<?xml version="1.0" encoding="UTF-8"?>
<!-- Generated by org.testng.reporters.JUnitReportReporter -->
<testsuite hostname="Admin-PC" name="com.crm.testcases.HomePageTest" tests="3" failures="0" timestamp="25 Mar 2018 09:31:26 GMT" time="166.729" errors="0">
  <testcase name="verifyUserNameTest" time="40.114" classname="com.crm.testcases.HomePageTest"/>
  <testcase name="verifyContactsLinkTest" time="90.538" classname="com.crm.testcases.HomePageTest"/>
  <testcase name="verifyHomePageTitleTest" time="36.077" classname="com.crm.testcases.HomePageTest"/>
</testsuite> <!-- com.crm.testcases.HomePageTest -->
